<?xml version="1.0" encoding="UTF-8"?>
<!-- Generated by org.testng.reporters.JUnitReportReporter -->
<testsuite skipped="0" hostname="ip-172-31-2-227" name="test.Testcase1" tests="1" failures="0" timestamp="24 Feb 2021 05:54:42 GMT" time="5.285" errors="0">
  <testcase name="LoginTest" time="5.285" classname="test.Testcase1"/>
</testsuite> <!-- test.Testcase1 -->
